<?xml version="1.0" encoding="UTF-8"?>
<robot generator="Robot 3.2.2 (Python 3.11.0 on win32)" generated="20230116 16:58:19.625" rpa="false">
<suite id="s1" name="ToursandTravel" source="C:\Users\User\git\techgencia_toursandtravels\ToursandTravel">
<suite id="s1-s1" name="New Folder" source="C:\Users\User\git\techgencia_toursandtravels\ToursandTravel\New Folder">
<suite id="s1-s1-s1" name="Regression Test Suite" source="C:\Users\User\git\techgencia_toursandtravels\ToursandTravel\New Folder\Regression Test Suite.robot">
<test id="s1-s1-s1-t1" name="Login Test">
<kw name="Open Browser" library="SeleniumLibrary">
<doc>Opens a new browser instance to the optional ``url``.</doc>
<arguments>
<arg>${url}</arg>
<arg>${Browser}</arg>
</arguments>
<msg timestamp="20230116 16:58:20.179" level="INFO">Opening browser 'Chrome' to base url 'https://lockmyseat.com/TourPackages/'.</msg>
<status status="PASS" starttime="20230116 16:58:20.178" endtime="20230116 16:59:30.608"></status>
</kw>
<kw name="Sleep" library="BuiltIn">
<doc>Pauses the test executed for the given time.</doc>
<arguments>
<arg>5</arg>
</arguments>
<msg timestamp="20230116 16:59:35.613" level="INFO">Slept 5 seconds</msg>
<status status="PASS" starttime="20230116 16:59:30.611" endtime="20230116 16:59:35.613"></status>
</kw>
<kw name="Maximize Browser Window" library="SeleniumLibrary">
<doc>Maximizes current browser window.</doc>
<status status="PASS" starttime="20230116 16:59:35.613" endtime="20230116 16:59:35.852"></status>
</kw>
<kw name="Click Link" library="SeleniumLibrary">
<doc>Clicks a link identified by ``locator``.</doc>
<arguments>
<arg>//header/div[1]/nav[1]/div[2]/ul[1]/li[3]/a[1]</arg>
</arguments>
<msg timestamp="20230116 16:59:35.855" level="INFO">Clicking link '//header/div[1]/nav[1]/div[2]/ul[1]/li[3]/a[1]'.</msg>
<status status="PASS" starttime="20230116 16:59:35.854" endtime="20230116 17:00:09.794"></status>
</kw>
<kw name="Sleep" library="BuiltIn">
<doc>Pauses the test executed for the given time.</doc>
<arguments>
<arg>5</arg>
</arguments>
<msg timestamp="20230116 17:00:14.796" level="INFO">Slept 5 seconds</msg>
<status status="PASS" starttime="20230116 17:00:09.794" endtime="20230116 17:00:14.796"></status>
</kw>
<kw name="Click Element" library="SeleniumLibrary">
<doc>Click the element identified by ``locator``.</doc>
<arguments>
<arg>//input[@id='username']</arg>
</arguments>
<msg timestamp="20230116 17:00:14.797" level="INFO">Clicking element '//input[@id='username']'.</msg>
<status status="PASS" starttime="20230116 17:00:14.796" endtime="20230116 17:00:14.909"></status>
</kw>
<kw name="Sleep" library="BuiltIn">
<doc>Pauses the test executed for the given time.</doc>
<arguments>
<arg>2</arg>
</arguments>
<msg timestamp="20230116 17:00:16.910" level="INFO">Slept 2 seconds</msg>
<status status="PASS" starttime="20230116 17:00:14.910" endtime="20230116 17:00:16.910"></status>
</kw>
<kw name="Input Text" library="SeleniumLibrary">
<doc>Types the given ``text`` into the text field identified by ``locator``.</doc>
<arguments>
<arg>id:username</arg>
<arg>dineshvikraman@gmail.com</arg>
</arguments>
<msg timestamp="20230116 17:00:16.911" level="INFO">Typing text 'dineshvikraman@gmail.com' into text field 'id:username'.</msg>
<status status="PASS" starttime="20230116 17:00:16.910" endtime="20230116 17:00:17.044"></status>
</kw>
<kw name="Sleep" library="BuiltIn">
<doc>Pauses the test executed for the given time.</doc>
<arguments>
<arg>2</arg>
</arguments>
<msg timestamp="20230116 17:00:19.045" level="INFO">Slept 2 seconds</msg>
<status status="PASS" starttime="20230116 17:00:17.044" endtime="20230116 17:00:19.046"></status>
</kw>
<kw name="Click Element" library="SeleniumLibrary">
<doc>Click the element identified by ``locator``.</doc>
<arguments>
<arg>//input[@id='password']</arg>
</arguments>
<msg timestamp="20230116 17:00:19.048" level="INFO">Clicking element '//input[@id='password']'.</msg>
<status status="PASS" starttime="20230116 17:00:19.046" endtime="20230116 17:00:19.152"></status>
</kw>
<kw name="Sleep" library="BuiltIn">
<doc>Pauses the test executed for the given time.</doc>
<arguments>
<arg>2</arg>
</arguments>
<msg timestamp="20230116 17:00:21.154" level="INFO">Slept 2 seconds</msg>
<status status="PASS" starttime="20230116 17:00:19.152" endtime="20230116 17:00:21.155"></status>
</kw>
<kw name="Input Password" library="SeleniumLibrary">
<doc>Types the given password into the text field identified by ``locator``.</doc>
<arguments>
<arg>id:password</arg>
<arg>dineshvikraman@gmail.com</arg>
</arguments>
<msg timestamp="20230116 17:00:21.159" level="INFO">Typing password into text field 'id:password'.</msg>
<msg timestamp="20230116 17:00:21.231" level="INFO">Temporally setting log level to: NONE</msg>
<msg timestamp="20230116 17:00:21.307" level="INFO">Log level changed from NONE to INFO.</msg>
<status status="PASS" starttime="20230116 17:00:21.156" endtime="20230116 17:00:21.308"></status>
</kw>
<kw name="Sleep" library="BuiltIn">
<doc>Pauses the test executed for the given time.</doc>
<arguments>
<arg>2</arg>
</arguments>
<msg timestamp="20230116 17:00:23.308" level="INFO">Slept 2 seconds</msg>
<status status="PASS" starttime="20230116 17:00:21.308" endtime="20230116 17:00:23.309"></status>
</kw>
<kw name="Click Button" library="SeleniumLibrary">
<doc>Clicks the button identified by ``locator``.</doc>
<arguments>
<arg>//button[contains(text(),'Log in')]</arg>
</arguments>
<msg timestamp="20230116 17:00:23.312" level="INFO">Clicking button '//button[contains(text(),'Log in')]'.</msg>
<status status="PASS" starttime="20230116 17:00:23.310" endtime="20230116 17:00:26.865"></status>
</kw>
<kw name="Sleep" library="BuiltIn">
<doc>Pauses the test executed for the given time.</doc>
<arguments>
<arg>5</arg>
</arguments>
<msg timestamp="20230116 17:00:31.868" level="INFO">Slept 5 seconds</msg>
<status status="PASS" starttime="20230116 17:00:26.866" endtime="20230116 17:00:31.868"></status>
</kw>
<kw name="Close Browser" library="SeleniumLibrary">
<doc>Closes the current browser.</doc>
<status status="PASS" starttime="20230116 17:00:31.868" endtime="20230116 17:00:36.495"></status>
</kw>
<status status="PASS" starttime="20230116 16:58:20.177" endtime="20230116 17:00:36.496" critical="yes"></status>
</test>
<status status="PASS" starttime="20230116 16:58:19.924" endtime="20230116 17:00:36.499"></status>
</suite>
<status status="PASS" starttime="20230116 16:58:19.920" endtime="20230116 17:00:36.509"></status>
</suite>
<status status="PASS" starttime="20230116 16:58:19.887" endtime="20230116 17:00:36.517"></status>
</suite>
<statistics>
<total>
<stat pass="1" fail="0">Critical Tests</stat>
<stat pass="1" fail="0">All Tests</stat>
</total>
<tag>
</tag>
<suite>
<stat pass="1" fail="0" id="s1" name="ToursandTravel">ToursandTravel</stat>
<stat pass="1" fail="0" id="s1-s1" name="New Folder">ToursandTravel.New Folder</stat>
<stat pass="1" fail="0" id="s1-s1-s1" name="Regression Test Suite">ToursandTravel.New Folder.Regression Test Suite</stat>
</suite>
</statistics>
<errors>
</errors>
</robot>
